Using pre-set license
Built from '2020.2/release' branch; Version is '2020.2.0f1 (3721df5a8b28) revision 3613151'; Using compiler version '192528614'; Build Type 'Release'
OS: 'Windows 10  (10.0.0) 64bit' Language: 'en' Physical Memory: 16239 MB
BatchMode: 1, IsHumanControllingUs: 0, StartBugReporterOnCrash: 0, Is64bit: 1, IsPro: 0

 COMMAND LINE ARGUMENTS:
C:\Program Files\Unity\Hub\Editor\2020.2.0f1\Editor\Unity.exe
-adb2
-batchMode
-noUpm
-name
AssetImportWorker0
-projectPath
D:/Workspace/Unity/Floppy Fluffy
-logFile
Logs/AssetImportWorker0.log
-srvPort
51232
Successfully changed project path to: D:/Workspace/Unity/Floppy Fluffy
D:/Workspace/Unity/Floppy Fluffy
Using Asset Import Pipeline V2.
Refreshing native plugins compatible for Editor in 130.57 ms, found 1 plugins.
Preloading 0 native plugins for Editor in 0.00 ms.
Initialize engine version: 2020.2.0f1 (3721df5a8b28)
[Subsystems] Discovering subsystems at path C:/Program Files/Unity/Hub/Editor/2020.2.0f1/Editor/Data/Resources/UnitySubsystems
[Subsystems] Discovering subsystems at path D:/Workspace/Unity/Floppy Fluffy/Assets
GfxDevice: creating device client; threaded=0
Direct3D:
    Version:  Direct3D 11.0 [level 11.1]
    Renderer: Microsoft Basic Render Driver (ID=0x8c)
    Vendor:   
    VRAM:     8119 MB
Initialize mono
Mono path[0] = 'C:/Program Files/Unity/Hub/Editor/2020.2.0f1/Editor/Data/Managed'
Mono path[1] = 'C:/Program Files/Unity/Hub/Editor/2020.2.0f1/Editor/Data/MonoBleedingEdge/lib/mono/unityjit'
Mono config path = 'C:/Program Files/Unity/Hub/Editor/2020.2.0f1/Editor/Data/MonoBleedingEdge/etc'
Using monoOptions --debugger-agent=transport=dt_socket,embedding=1,server=y,suspend=n,address=127.0.0.1:56684
Begin MonoManager ReloadAssembly
Registering precompiled unity dll's ...
Register platform support module: C:/Program Files/Unity/Hub/Editor/2020.2.0f1/Editor/Data/PlaybackEngines/WindowsStandaloneSupport/UnityEditor.WindowsStandalone.Extensions.dll
Registered in 0.004993 seconds.
Native extension for WindowsStandalone target not found
Refreshing native plugins compatible for Editor in 118.90 ms, found 1 plugins.
Preloading 0 native plugins for Editor in 0.00 ms.
Invoked RoslynAnalysisRunner static constructor.
RoslynAnalysisRunner will not be running.
RoslynAnalysisRunner has terminated.
Mono: successfully reloaded assembly
- Completed reload, in  2.895 seconds
Platform modules already initialized, skipping
Registering precompiled user dll's ...
Registered in 0.001865 seconds.
Begin MonoManager ReloadAssembly
Native extension for WindowsStandalone target not found
Refreshing native plugins compatible for Editor in 75.45 ms, found 1 plugins.
Preloading 0 native plugins for Editor in 0.00 ms.
Invoked RoslynAnalysisRunner static constructor.
RoslynAnalysisRunner will not be running.
RoslynAnalysisRunner has terminated.
Mono: successfully reloaded assembly
- Completed reload, in  1.867 seconds
Platform modules already initialized, skipping
========================================================================
Worker process is ready to serve import requests
Launched and connected shader compiler UnityShaderCompiler.exe after 0.07 seconds
Refreshing native plugins compatible for Editor in 0.53 ms, found 1 plugins.
Preloading 0 native plugins for Editor in 0.00 ms.
Unloading 2143 Unused Serialized files (Serialized files now loaded: 0)
System memory in use before: 97.9 MB.
System memory in use after: 97.8 MB.

Unloading 26 unused Assets to reduce memory usage. Loaded Objects now: 2588.
Total: 3.915100 ms (FindLiveObjects: 0.279100 ms CreateObjectMapping: 0.147300 ms MarkObjects: 3.337200 ms  DeleteObjects: 0.149800 ms)

========================================================================
Received Import Request.
  path: Assets/Scenes/Main Menu.unity
  artifactKey: Guid(cced0dd201ee19e418e52318cb744e86) Importer(815301076,1909f56bfc062723c751e8b465ee728b)
Start importing Assets/Scenes/Main Menu.unity using Guid(cced0dd201ee19e418e52318cb744e86) Importer(815301076,1909f56bfc062723c751e8b465ee728b)  -> (artifact id: '88c99fedccaea0b7b0cfc5b8678ddcce') in 0.025526 seconds
  Import took 0.030698 seconds .

========================================================================
Received Import Request.
  Time since last request: 174.988997 seconds.
  path: Assets/Scenes/Arena.unity
  artifactKey: Guid(2cda990e2423bbf4892e6590ba056729) Importer(815301076,1909f56bfc062723c751e8b465ee728b)
Start importing Assets/Scenes/Arena.unity using Guid(2cda990e2423bbf4892e6590ba056729) Importer(815301076,1909f56bfc062723c751e8b465ee728b)  -> (artifact id: '5d2d14c381152d8aaac8072f84aec860') in 0.012127 seconds
  Import took 0.025938 seconds .

========================================================================
Received Prepare
Registering precompiled user dll's ...
Registered in 0.000947 seconds.
Begin MonoManager ReloadAssembly
Native extension for WindowsStandalone target not found
Refreshing native plugins compatible for Editor in 0.42 ms, found 1 plugins.
Preloading 0 native plugins for Editor in 0.00 ms.
Invoked RoslynAnalysisRunner static constructor.
RoslynAnalysisRunner will not be running.
RoslynAnalysisRunner has terminated.
Mono: successfully reloaded assembly
- Completed reload, in  1.040 seconds
Platform modules already initialized, skipping
Refreshing native plugins compatible for Editor in 0.49 ms, found 1 plugins.
Preloading 0 native plugins for Editor in 0.00 ms.
Unloading 2125 Unused Serialized files (Serialized files now loaded: 0)
System memory in use before: 97.1 MB.
System memory in use after: 97.2 MB.

Unloading 12 unused Assets to reduce memory usage. Loaded Objects now: 2591.
Total: 3.254100 ms (FindLiveObjects: 0.259500 ms CreateObjectMapping: 0.126700 ms MarkObjects: 2.746100 ms  DeleteObjects: 0.120500 ms)

========================================================================
Received Import Request.
  Time since last request: 219.319698 seconds.
  path: Assets/Scenes/Arena.unity
  artifactKey: Guid(2cda990e2423bbf4892e6590ba056729) Importer(815301076,1909f56bfc062723c751e8b465ee728b)
Start importing Assets/Scenes/Arena.unity using Guid(2cda990e2423bbf4892e6590ba056729) Importer(815301076,1909f56bfc062723c751e8b465ee728b)  -> (artifact id: 'cb35a93286b28fb71e66c8cb18e3be12') in 0.031637 seconds
  Import took 0.040735 seconds .

========================================================================
Received Import Request.
  Time since last request: 7.572095 seconds.
  path: Assets/Scenes/Main Menu.unity
  artifactKey: Guid(cced0dd201ee19e418e52318cb744e86) Importer(815301076,1909f56bfc062723c751e8b465ee728b)
Start importing Assets/Scenes/Main Menu.unity using Guid(cced0dd201ee19e418e52318cb744e86) Importer(815301076,1909f56bfc062723c751e8b465ee728b)  -> (artifact id: '8102cdd24a242a3915dc61da2f34e36f') in 0.005952 seconds
  Import took 0.019069 seconds .

========================================================================
Received Prepare
Registering precompiled user dll's ...
Registered in 0.001151 seconds.
Begin MonoManager ReloadAssembly
Native extension for WindowsStandalone target not found
Refreshing native plugins compatible for Editor in 0.48 ms, found 1 plugins.
Preloading 0 native plugins for Editor in 0.00 ms.
Invoked RoslynAnalysisRunner static constructor.
RoslynAnalysisRunner will not be running.
RoslynAnalysisRunner has terminated.
Mono: successfully reloaded assembly
- Completed reload, in  1.534 seconds
Platform modules already initialized, skipping
Refreshing native plugins compatible for Editor in 0.44 ms, found 1 plugins.
Preloading 0 native plugins for Editor in 0.00 ms.
Unloading 2126 Unused Serialized files (Serialized files now loaded: 0)
System memory in use before: 97.4 MB.
System memory in use after: 97.4 MB.

Unloading 12 unused Assets to reduce memory usage. Loaded Objects now: 2595.
Total: 2.837100 ms (FindLiveObjects: 0.226700 ms CreateObjectMapping: 0.110900 ms MarkObjects: 2.380200 ms  DeleteObjects: 0.117200 ms)

========================================================================
Received Import Request.
  Time since last request: 29.301082 seconds.
  path: Assets/audioManager.cs
  artifactKey: Guid(a1a6f4d2b51fe184096a7150b6890289) Importer(815301076,1909f56bfc062723c751e8b465ee728b)
Start importing Assets/audioManager.cs using Guid(a1a6f4d2b51fe184096a7150b6890289) Importer(815301076,1909f56bfc062723c751e8b465ee728b)  -> (artifact id: '6e279e741f19b47684b42b0d293f6d07') in 0.053519 seconds
  Import took 0.058124 seconds .

========================================================================
Received Import Request.
  Time since last request: 358.468957 seconds.
  path: Assets/audioManager.cs
  artifactKey: Guid(a1a6f4d2b51fe184096a7150b6890289) Importer(815301076,1909f56bfc062723c751e8b465ee728b)
Start importing Assets/audioManager.cs using Guid(a1a6f4d2b51fe184096a7150b6890289) Importer(815301076,1909f56bfc062723c751e8b465ee728b)  -> (artifact id: '32629940c6324958e9951b9627655b03') in 0.008428 seconds
  Import took 0.018048 seconds .

========================================================================
Received Import Request.
  Time since last request: 0.002636 seconds.
  path: Assets/audioManager.cs
  artifactKey: Guid(a1a6f4d2b51fe184096a7150b6890289) Importer(815301076,1909f56bfc062723c751e8b465ee728b)
Start importing Assets/audioManager.cs using Guid(a1a6f4d2b51fe184096a7150b6890289) Importer(815301076,1909f56bfc062723c751e8b465ee728b)  -> (artifact id: '32629940c6324958e9951b9627655b03') in 0.014633 seconds
  Import took 0.022009 seconds .

========================================================================
Received Prepare
Registering precompiled user dll's ...
Registered in 0.001528 seconds.
Begin MonoManager ReloadAssembly
Native extension for WindowsStandalone target not found
Refreshing native plugins compatible for Editor in 0.58 ms, found 1 plugins.
Preloading 0 native plugins for Editor in 0.00 ms.
Invoked RoslynAnalysisRunner static constructor.
RoslynAnalysisRunner will not be running.
RoslynAnalysisRunner has terminated.
Mono: successfully reloaded assembly
- Completed reload, in  1.535 seconds
Platform modules already initialized, skipping
Refreshing native plugins compatible for Editor in 0.46 ms, found 1 plugins.
Preloading 0 native plugins for Editor in 0.00 ms.
Unloading 2125 Unused Serialized files (Serialized files now loaded: 0)
System memory in use before: 97.6 MB.
System memory in use after: 97.6 MB.

Unloading 13 unused Assets to reduce memory usage. Loaded Objects now: 2597.
Total: 3.016300 ms (FindLiveObjects: 0.384200 ms CreateObjectMapping: 0.167500 ms MarkObjects: 2.328700 ms  DeleteObjects: 0.134300 ms)

========================================================================
Received Prepare
Registering precompiled user dll's ...
Registered in 0.001889 seconds.
Begin MonoManager ReloadAssembly
Native extension for WindowsStandalone target not found
Refreshing native plugins compatible for Editor in 0.41 ms, found 1 plugins.
Preloading 0 native plugins for Editor in 0.00 ms.
Invoked RoslynAnalysisRunner static constructor.
RoslynAnalysisRunner will not be running.
RoslynAnalysisRunner has terminated.
Mono: successfully reloaded assembly
- Completed reload, in  1.514 seconds
Platform modules already initialized, skipping
Refreshing native plugins compatible for Editor in 0.57 ms, found 1 plugins.
Preloading 0 native plugins for Editor in 0.00 ms.
Unloading 2125 Unused Serialized files (Serialized files now loaded: 0)
System memory in use before: 97.7 MB.
System memory in use after: 97.8 MB.

Unloading 12 unused Assets to reduce memory usage. Loaded Objects now: 2600.
Total: 3.309500 ms (FindLiveObjects: 0.255500 ms CreateObjectMapping: 0.135400 ms MarkObjects: 2.783800 ms  DeleteObjects: 0.133300 ms)

========================================================================
Received Prepare
Registering precompiled user dll's ...
Registered in 0.000961 seconds.
Begin MonoManager ReloadAssembly
Native extension for WindowsStandalone target not found
Refreshing native plugins compatible for Editor in 0.41 ms, found 1 plugins.
Preloading 0 native plugins for Editor in 0.00 ms.
Invoked RoslynAnalysisRunner static constructor.
RoslynAnalysisRunner will not be running.
RoslynAnalysisRunner has terminated.
Mono: successfully reloaded assembly
- Completed reload, in  0.990 seconds
Platform modules already initialized, skipping
Refreshing native plugins compatible for Editor in 0.44 ms, found 1 plugins.
Preloading 0 native plugins for Editor in 0.00 ms.
Unloading 2125 Unused Serialized files (Serialized files now loaded: 0)
System memory in use before: 97.9 MB.
System memory in use after: 97.9 MB.

Unloading 12 unused Assets to reduce memory usage. Loaded Objects now: 2603.
Total: 2.528000 ms (FindLiveObjects: 0.212300 ms CreateObjectMapping: 0.097800 ms MarkObjects: 2.106900 ms  DeleteObjects: 0.109600 ms)

AssetImportWorkerClient::OnTransportError - code=2 error=End of file
